{
  "RSpec": {
    "coverage": {
      "/Users/davidmaurer/turing/turing_projects/module4/thought_box/thought_shaped_box/app/helpers/application_helper.rb": [
        1,
        null
      ],
      "/Users/davidmaurer/turing/turing_projects/module4/thought_box/thought_shaped_box/app/helpers/links_helper.rb": [
        1,
        null
      ],
      "/Users/davidmaurer/turing/turing_projects/module4/thought_box/thought_shaped_box/app/helpers/sessions_helper.rb": [
        1,
        null
      ],
      "/Users/davidmaurer/turing/turing_projects/module4/thought_box/thought_shaped_box/app/helpers/site_helper.rb": [
        1,
        null
      ],
      "/Users/davidmaurer/turing/turing_projects/module4/thought_box/thought_shaped_box/app/helpers/users_helper.rb": [
        1,
        null
      ],
      "/Users/davidmaurer/turing/turing_projects/module4/thought_box/thought_shaped_box/app/controllers/sessions_controller.rb": [
        1,
        1,
        null,
        null,
        1,
        10,
        10,
        7,
        7,
        7,
        null,
        3,
        3,
        null,
        null,
        null,
        1,
        2,
        2,
        2,
        null,
        null
      ],
      "/Users/davidmaurer/turing/turing_projects/module4/thought_box/thought_shaped_box/app/controllers/application_controller.rb": [
        1,
        1,
        null,
        1,
        null,
        1,
        21,
        null,
        null
      ],
      "/Users/davidmaurer/turing/turing_projects/module4/thought_box/thought_shaped_box/app/controllers/site_controller.rb": [
        1,
        1,
        null,
        null
      ],
      "/Users/davidmaurer/turing/turing_projects/module4/thought_box/thought_shaped_box/app/controllers/users_controller.rb": [
        1,
        1,
        5,
        null,
        null,
        1,
        6,
        6,
        3,
        3,
        3,
        null,
        3,
        3,
        null,
        null,
        null,
        1,
        1,
        6,
        null,
        null
      ],
      "/Users/davidmaurer/turing/turing_projects/module4/thought_box/thought_shaped_box/app/models/link.rb": [
        1,
        1,
        null,
        1,
        1,
        null,
        1,
        5,
        null,
        null
      ],
      "/Users/davidmaurer/turing/turing_projects/module4/thought_box/thought_shaped_box/app/models/user.rb": [
        1,
        1,
        null,
        1,
        1,
        1,
        null,
        1,
        null
      ],
      "/Users/davidmaurer/turing/turing_projects/module4/thought_box/thought_shaped_box/app/controllers/links_controller.rb": [
        1,
        1,
        10,
        10,
        null,
        null,
        1,
        null,
        null,
        1,
        1,
        1,
        1,
        1,
        1,
        null,
        0,
        0,
        null,
        null,
        null,
        1,
        1,
        1,
        null,
        null
      ],
      "/Users/davidmaurer/turing/turing_projects/module4/thought_box/thought_shaped_box/app/controllers/api/v1/links_controller.rb": [
        1,
        1,
        null,
        1,
        5,
        5,
        null,
        null,
        1,
        1,
        5,
        null,
        null
      ]
    },
    "timestamp": 1473899259
  }
}
